<?xml version="1.0" encoding="UTF-8"?>
<!-- Generated by org.testng.reporters.JUnitReportReporter -->
<testsuite hostname="DESKTOP-R2T7A5T" failures="0" tests="2" name="zeeshan.SeleniumFramewordDesign.tests.SubmitOrderTest" time="42.589" errors="0" timestamp="2024-11-02T16:08:27 IST" skipped="0">
  <testcase classname="zeeshan.SeleniumFramewordDesign.tests.SubmitOrderTest" name="submitOrder" time="21.486"/>
  <testcase classname="zeeshan.SeleniumFramewordDesign.tests.SubmitOrderTest" name="submitOrder" time="21.103"/>
</testsuite> <!-- zeeshan.SeleniumFramewordDesign.tests.SubmitOrderTest -->
